Arguments: 
  E:\Programs\node\node.exe C:\Users\helio\AppData\Roaming\npm\node_modules\yarn\bin\yarn.js add grommet grommet-icons styled-components

PATH: 
  C:\Python39\Scripts\;C:\Python39\;C:\Program Files (x86)\Common Files\Intel\Shared Libraries\redist\intel64\compiler;C:\WINDOWS\system32;C:\WINDOWS;C:\WINDOWS\System32\Wbem;C:\WINDOWS\System32\WindowsPowerShell\v1.0\;C:\Program Files (x86)\GtkSharp\2.12\bin;C:\WINDOWS\System32\OpenSSH\;C:\Users\helio\AppData\Local\Programs\Python\Python37-32;C:\Users\helio\AppData\Local\Programs\Python\Python37-32\Scripts;D:\Programs\putty\;C:\Program Files (x86)\NVIDIA Corporation\PhysX\Common;C:\Program Files\NVIDIA Corporation\NVIDIA NvDLISR;C:\WINDOWS\system32;C:\WINDOWS;C:\WINDOWS\System32\Wbem;C:\WINDOWS\System32\WindowsPowerShell\v1.0\;C:\WINDOWS\System32\OpenSSH\;E:\Programs\node\;C:\ProgramData\chocolatey\bin;C:\Users\helio\scoop\shims;C:\Users\helio\AppData\Local\Microsoft\WindowsApps;C:\Users\helio\AppData\Local\GitHubDesktop\bin;D:\Program Files (x86)\Microsoft VS Code\bin;D:\PHP;C:\Users\helio\AppData\Local\Microsoft\WindowsApps;C:\Users\helio\AppData\Roaming\npm;E:\Programs\node;

Yarn version: 
  1.22.10

Node version: 
  14.16.1

Platform: 
  win32 x64

Trace: 
  Error: https://registry.yarnpkg.com/date-fns/-/date-fns-2.21.3.tgz: ESOCKETTIMEDOUT
      at ClientRequest.<anonymous> (C:\Users\helio\AppData\Roaming\npm\node_modules\yarn\lib\cli.js:141289:19)
      at Object.onceWrapper (events.js:421:28)
      at ClientRequest.emit (events.js:315:20)
      at TLSSocket.emitRequestTimeout (_http_client.js:784:9)
      at Object.onceWrapper (events.js:421:28)
      at TLSSocket.emit (events.js:327:22)
      at TLSSocket.Socket._onTimeout (net.js:483:8)
      at listOnTimeout (internal/timers.js:554:17)
      at processTimers (internal/timers.js:497:7)

npm manifest: 
  {
    "name": "my-gatsby-site",
    "version": "1.0.0",
    "private": true,
    "description": "My Gatsby Site",
    "author": "Heliot",
    "keywords": [
      "gatsby"
    ],
    "scripts": {
      "develop": "gatsby develop",
      "start": "gatsby develop",
      "build": "gatsby build",
      "serve": "gatsby serve",
      "clean": "gatsby clean"
    },
    "dependencies": {
      "@mdx-js/mdx": "^1.6.22",
      "@mdx-js/react": "^1.6.22",
      "gatsby": "^3.4.1",
      "gatsby-plugin-google-analytics": "^3.4.0",
      "gatsby-plugin-image": "^1.4.1",
      "gatsby-plugin-manifest": "^3.4.0",
      "gatsby-plugin-mdx": "^2.4.0",
      "gatsby-plugin-react-helmet": "^4.4.0",
      "gatsby-plugin-sass": "^4.4.0",
      "gatsby-plugin-sharp": "^3.4.2",
      "gatsby-plugin-sitemap": "^4.0.0",
      "gatsby-source-filesystem": "^3.4.0",
      "gatsby-transformer-sharp": "^3.4.0",
      "react": "^17.0.1",
      "react-dom": "^17.0.1",
      "react-helmet": "^6.1.0",
      "sass": "^1.32.12"
    }
  }

yarn manifest: 
  No manifest

Lockfile: 
  No lockfile
